Determining if the pthread_create exist failed with the following output:
Change Dir: /home/zs/workspace/linux_program_test/linux_api/cmake-build-debug/CMakeFiles/CMakeTmp

Run Build Command:"/usr/local/bin/make" "cmTC_3c865/fast"
/usr/local/bin/make -f CMakeFiles/cmTC_3c865.dir/build.make CMakeFiles/cmTC_3c865.dir/build
make[1]: Entering directory `/home/zs/workspace/linux_program_test/linux_api/cmake-build-debug/CMakeFiles/CMakeTmp'
Building C object CMakeFiles/cmTC_3c865.dir/CheckSymbolExists.c.o
/usr/bin/cc     -o CMakeFiles/cmTC_3c865.dir/CheckSymbolExists.c.o   -c /home/zs/workspace/linux_program_test/linux_api/cmake-build-debug/CMakeFiles/CMakeTmp/CheckSymbolExists.c
Linking C executable cmTC_3c865
/usr/bin/cmake -E cmake_link_script CMakeFiles/cmTC_3c865.dir/link.txt --verbose=1
/usr/bin/cc       CMakeFiles/cmTC_3c865.dir/CheckSymbolExists.c.o  -o cmTC_3c865 
CMakeFiles/cmTC_3c865.dir/CheckSymbolExists.c.o：在函数‘main’中：
CheckSymbolExists.c:(.text+0x16)：对‘pthread_create’未定义的引用
collect2: error: ld returned 1 exit status
make[1]: *** [cmTC_3c865] 错误 1
make[1]: Leaving directory `/home/zs/workspace/linux_program_test/linux_api/cmake-build-debug/CMakeFiles/CMakeTmp'
make: *** [cmTC_3c865/fast] 错误 2

File /home/zs/workspace/linux_program_test/linux_api/cmake-build-debug/CMakeFiles/CMakeTmp/CheckSymbolExists.c:
/* */
#include <pthread.h>

int main(int argc, char** argv)
{
  (void)argv;
#ifndef pthread_create
  return ((int*)(&pthread_create))[argc];
#else
  (void)argc;
  return 0;
#endif
}

Determining if the function pthread_create exists in the pthreads failed with the following output:
Change Dir: /home/zs/workspace/linux_program_test/linux_api/cmake-build-debug/CMakeFiles/CMakeTmp

Run Build Command:"/usr/local/bin/make" "cmTC_8175d/fast"
/usr/local/bin/make -f CMakeFiles/cmTC_8175d.dir/build.make CMakeFiles/cmTC_8175d.dir/build
make[1]: Entering directory `/home/zs/workspace/linux_program_test/linux_api/cmake-build-debug/CMakeFiles/CMakeTmp'
Building C object CMakeFiles/cmTC_8175d.dir/CheckFunctionExists.c.o
/usr/bin/cc    -DCHECK_FUNCTION_EXISTS=pthread_create   -o CMakeFiles/cmTC_8175d.dir/CheckFunctionExists.c.o   -c /usr/share/cmake-3.5/Modules/CheckFunctionExists.c
Linking C executable cmTC_8175d
/usr/bin/cmake -E cmake_link_script CMakeFiles/cmTC_8175d.dir/link.txt --verbose=1
/usr/bin/cc   -DCHECK_FUNCTION_EXISTS=pthread_create    CMakeFiles/cmTC_8175d.dir/CheckFunctionExists.c.o  -o cmTC_8175d -lpthreads 
/usr/bin/ld: 找不到 -lpthreads
collect2: error: ld returned 1 exit status
make[1]: *** [cmTC_8175d] 错误 1
make[1]: Leaving directory `/home/zs/workspace/linux_program_test/linux_api/cmake-build-debug/CMakeFiles/CMakeTmp'
make: *** [cmTC_8175d/fast] 错误 2


